[debug] [2025-03-23T14:13:24.303Z] ----------------------------------------------------------------------
[debug] [2025-03-23T14:13:24.306Z] Command:       C:\Program Files\nodejs\node.exe C:\Users\USUARIO\AppData\Roaming\npm\node_modules\firebase-tools\lib\bin\firebase.js init hosting
[debug] [2025-03-23T14:13:24.307Z] CLI Version:   13.35.1
[debug] [2025-03-23T14:13:24.307Z] Platform:      win32
[debug] [2025-03-23T14:13:24.307Z] Node Version:  v22.12.0
[debug] [2025-03-23T14:13:24.307Z] Time:          Sun Mar 23 2025 09:13:24 GMT-0500 (hora estándar de Colombia)
[debug] [2025-03-23T14:13:24.307Z] ----------------------------------------------------------------------
[debug] 
[debug] [2025-03-23T14:13:24.517Z] > command requires scopes: ["email","openid","https://www.googleapis.com/auth/cloudplatformprojects.readonly","https://www.googleapis.com/auth/firebase","https://www.googleapis.com/auth/cloud-platform"]
[debug] [2025-03-23T14:13:24.518Z] > authorizing via signed-in user (killafel16@gmail.com)
[info] 
     ######## #### ########  ######## ########     ###     ######  ########
     ##        ##  ##     ## ##       ##     ##  ##   ##  ##       ##
     ######    ##  ########  ######   ########  #########  ######  ######
     ##        ##  ##    ##  ##       ##     ## ##     ##       ## ##
     ##       #### ##     ## ######## ########  ##     ##  ######  ########

You're about to initialize a Firebase project in this directory:

  C:\Users\USUARIO\OneDrive\Escritorio\proyectofinal

Before we get started, keep in mind:

  * You are initializing within an existing Firebase project directory

[info] 
=== Project Setup
[info] 
[info] First, let's associate this project directory with a Firebase project.
[info] You can create multiple project aliases by running firebase use --add, 
[info] but for now we'll just set up a default project.
[info] 
[debug] [2025-03-23T14:15:34.475Z] Checked if tokens are valid: true, expires at: 1742742725085
[debug] [2025-03-23T14:15:34.476Z] Checked if tokens are valid: true, expires at: 1742742725085
[debug] [2025-03-23T14:15:34.478Z] >>> [apiv2][query] GET https://firebase.googleapis.com/v1beta1/projects pageSize=100
[debug] [2025-03-23T14:15:36.854Z] <<< [apiv2][status] GET https://firebase.googleapis.com/v1beta1/projects 200
[debug] [2025-03-23T14:15:36.854Z] <<< [apiv2][body] GET https://firebase.googleapis.com/v1beta1/projects [omitted]
[info] i  Using project threads-a360a (Threads) 
[info] 
=== Hosting Setup
[debug] [2025-03-23T14:16:06.294Z] Checked if tokens are valid: true, expires at: 1742742725085
[debug] [2025-03-23T14:16:06.294Z] Checked if tokens are valid: true, expires at: 1742742725085
[debug] [2025-03-23T14:16:06.294Z] >>> [apiv2][query] GET https://firebase.googleapis.com/v1beta1/projects/threads-a360a [none]
[debug] [2025-03-23T14:16:06.991Z] <<< [apiv2][status] GET https://firebase.googleapis.com/v1beta1/projects/threads-a360a 200
[debug] [2025-03-23T14:16:06.992Z] <<< [apiv2][body] GET https://firebase.googleapis.com/v1beta1/projects/threads-a360a {"projectId":"threads-a360a","projectNumber":"707836758648","displayName":"Threads","name":"projects/threads-a360a","resources":{"hostingSite":"threads-a360a"},"state":"ACTIVE","etag":"1_5c0d03ce-8d4b-4251-b965-89e5dc7ff228"}
[info] 
[info] Your public directory is the folder (relative to your project directory) that
[info] will contain Hosting assets to be uploaded with firebase deploy. If you
[info] have a build process for your assets, use your build's output directory.
[info] 
